[2017-05-20 07:31:14] grav.DEBUG: TwigFeeds: Manifest does not exist, writing it [] []
[2017-05-20 07:31:14] grav.DEBUG: TwigFeeds: Built /Applications/MAMP/htdocs/grav-admin/cache/twigfeeds/manifest.json [] []
[2017-05-20 07:31:14] grav.DEBUG: TwigFeeds: Can't find 34d735f13a45e96ad37ed1bdfd08be1b.json, writing it [] []
[2017-05-20 07:31:15] grav.DEBUG: TwigFeeds: Wrote /Applications/MAMP/htdocs/grav-admin/cache/twigfeeds/34d735f13a45e96ad37ed1bdfd08be1b.json [] []
[2017-05-20 07:31:15] grav.DEBUG: TwigFeeds: Updating manifest [] []
[2017-05-20 07:31:15] grav.DEBUG: TwigFeeds: Updated /Applications/MAMP/htdocs/grav-admin/cache/twigfeeds/manifest.json [] []
[2017-05-20 15:26:29] grav.DEBUG: TwigFeeds: Versions equal, continuing [] []
[2017-05-20 15:26:29] grav.DEBUG: TwigFeeds: Config and manifest equal, continuing [] []
[2017-05-20 15:26:29] grav.DEBUG: TwigFeeds: 2017-05-20 07:46:14 is before 2017-05-20 15:26:29, download https://stream.jeremycherfas.net/content/all?_t=rss [] []
[2017-05-20 15:26:32] grav.DEBUG: TwigFeeds: Wrote /Applications/MAMP/htdocs/grav-admin/cache/twigfeeds/34d735f13a45e96ad37ed1bdfd08be1b.json [] []
[2017-05-20 15:26:32] grav.DEBUG: TwigFeeds: Updating manifest [] []
[2017-05-20 15:26:32] grav.DEBUG: TwigFeeds: Updated /Applications/MAMP/htdocs/grav-admin/cache/twigfeeds/manifest.json [] []
[2017-05-20 15:26:41] grav.DEBUG: TwigFeeds: Versions equal, continuing [] []
[2017-05-20 15:26:41] grav.DEBUG: TwigFeeds: Config and manifest equal, continuing [] []
[2017-05-20 15:26:41] grav.DEBUG: TwigFeeds: 2017-05-20 15:41:29 is after 2017-05-20 15:26:41, skip https://stream.jeremycherfas.net/content/all?_t=rss [] []
[2017-05-20 15:26:41] grav.DEBUG: TwigFeeds: Updating manifest [] []
[2017-05-20 15:26:41] grav.DEBUG: TwigFeeds: Updated /Applications/MAMP/htdocs/grav-admin/cache/twigfeeds/manifest.json [] []
[2017-05-20 15:27:41] grav.DEBUG: TwigFeeds: Versions equal, continuing [] []
[2017-05-20 15:27:41] grav.DEBUG: TwigFeeds: Config and manifest equal, continuing [] []
[2017-05-20 15:27:41] grav.DEBUG: TwigFeeds: 2017-05-20 15:41:29 is after 2017-05-20 15:27:41, skip https://stream.jeremycherfas.net/content/all?_t=rss [] []
[2017-05-20 15:27:41] grav.DEBUG: TwigFeeds: Updating manifest [] []
[2017-05-20 15:27:41] grav.DEBUG: TwigFeeds: Updated /Applications/MAMP/htdocs/grav-admin/cache/twigfeeds/manifest.json [] []
[2017-05-20 19:20:15] grav.DEBUG: TwigFeeds: Versions equal, continuing [] []
[2017-05-20 19:20:15] grav.DEBUG: TwigFeeds: Config and manifest equal, continuing [] []
[2017-05-20 19:20:15] grav.DEBUG: TwigFeeds: 2017-05-20 15:41:29 is before 2017-05-20 19:20:15, download https://stream.jeremycherfas.net/content/all?_t=rss [] []
[2017-05-20 19:20:18] grav.DEBUG: TwigFeeds: Wrote /Applications/MAMP/htdocs/grav-admin/cache/twigfeeds/34d735f13a45e96ad37ed1bdfd08be1b.json [] []
[2017-05-20 19:20:18] grav.DEBUG: TwigFeeds: Updating manifest [] []
[2017-05-20 19:20:18] grav.DEBUG: TwigFeeds: Updated /Applications/MAMP/htdocs/grav-admin/cache/twigfeeds/manifest.json [] []
[2017-05-21 09:21:46] grav.WARNING: Plugin 'webmention-bak' enabled but not found! Try clearing cache with `bin/grav clear-cache` [] []
[2017-05-21 09:24:08] grav.WARNING: Plugin 'webmention-bak' enabled but not found! Try clearing cache with `bin/grav clear-cache` [] []
[2017-05-21 09:25:17] grav.WARNING: Plugin 'webmention-bak' enabled but not found! Try clearing cache with `bin/grav clear-cache` [] []
[2017-05-21 09:26:34] grav.WARNING: Plugin 'webmention-bak' enabled but not found! Try clearing cache with `bin/grav clear-cache` [] []
[2017-05-21 09:27:47] grav.WARNING: Plugin 'webmention-bak' enabled but not found! Try clearing cache with `bin/grav clear-cache` [] []
[2017-05-21 09:30:24] grav.WARNING: Plugin 'webmention-bak' enabled but not found! Try clearing cache with `bin/grav clear-cache` [] []
[2017-05-21 09:32:20] grav.WARNING: Plugin 'webmention-bak' enabled but not found! Try clearing cache with `bin/grav clear-cache` [] []
[2017-05-21 09:33:11] grav.WARNING: Plugin 'webmention-bak' enabled but not found! Try clearing cache with `bin/grav clear-cache` [] []
[2017-05-21 09:33:51] grav.WARNING: Plugin 'webmention-bak' enabled but not found! Try clearing cache with `bin/grav clear-cache` [] []
[2017-05-21 09:34:40] grav.WARNING: Plugin 'webmention-bak' enabled but not found! Try clearing cache with `bin/grav clear-cache` [] []
[2017-05-21 09:38:39] grav.WARNING: Plugin 'webmention-bak' enabled but not found! Try clearing cache with `bin/grav clear-cache` [] []
[2017-05-21 09:40:00] grav.WARNING: Plugin 'webmention-bak' enabled but not found! Try clearing cache with `bin/grav clear-cache` [] []
[2017-05-21 09:42:38] grav.WARNING: Plugin 'webmention-bak' enabled but not found! Try clearing cache with `bin/grav clear-cache` [] []
[2017-05-21 09:52:39] grav.WARNING: Plugin 'webmention-bak' enabled but not found! Try clearing cache with `bin/grav clear-cache` [] []
[2017-05-21 09:54:44] grav.WARNING: Plugin 'webmention-bak' enabled but not found! Try clearing cache with `bin/grav clear-cache` [] []
[2017-05-21 09:55:21] grav.WARNING: Plugin 'webmention-bak' enabled but not found! Try clearing cache with `bin/grav clear-cache` [] []
[2017-05-21 09:55:44] grav.WARNING: Plugin 'webmention-bak' enabled but not found! Try clearing cache with `bin/grav clear-cache` [] []
[2017-05-21 10:09:43] grav.WARNING: Plugin 'webmention-bak' enabled but not found! Try clearing cache with `bin/grav clear-cache` [] []
[2017-05-21 10:09:48] grav.WARNING: Plugin 'webmention-bak' enabled but not found! Try clearing cache with `bin/grav clear-cache` [] []
[2017-05-21 13:08:45] grav.WARNING: Plugin 'webmention-bak' enabled but not found! Try clearing cache with `bin/grav clear-cache` [] []
[2017-05-21 15:50:13] grav.DEBUG: TwigFeeds: Versions equal, continuing [] []
[2017-05-21 15:50:13] grav.DEBUG: TwigFeeds: Config and manifest equal, continuing [] []
[2017-05-21 15:50:13] grav.DEBUG: TwigFeeds: 2017-05-20 19:35:15 is before 2017-05-21 15:50:13, download https://stream.jeremycherfas.net/content/all?_t=rss [] []
[2017-05-21 15:50:15] grav.DEBUG: TwigFeeds: Wrote /Applications/MAMP/htdocs/grav-admin/cache/twigfeeds/34d735f13a45e96ad37ed1bdfd08be1b.json [] []
[2017-05-21 15:50:15] grav.DEBUG: TwigFeeds: Updating manifest [] []
[2017-05-21 15:50:15] grav.DEBUG: TwigFeeds: Updated /Applications/MAMP/htdocs/grav-admin/cache/twigfeeds/manifest.json [] []
[2017-05-21 15:52:51] grav.DEBUG: TwigFeeds: Versions equal, continuing [] []
[2017-05-21 15:52:51] grav.DEBUG: TwigFeeds: Config and manifest equal, continuing [] []
[2017-05-21 15:52:51] grav.DEBUG: TwigFeeds: 2017-05-21 16:05:13 is after 2017-05-21 15:52:51, skip https://stream.jeremycherfas.net/content/all?_t=rss [] []
[2017-05-21 15:52:51] grav.DEBUG: TwigFeeds: Updating manifest [] []
[2017-05-21 15:52:51] grav.DEBUG: TwigFeeds: Updated /Applications/MAMP/htdocs/grav-admin/cache/twigfeeds/manifest.json [] []
[2017-05-21 15:56:07] grav.DEBUG: TwigFeeds: Versions equal, continuing [] []
[2017-05-21 15:56:07] grav.DEBUG: TwigFeeds: Config and manifest equal, continuing [] []
[2017-05-21 15:56:07] grav.DEBUG: TwigFeeds: 2017-05-21 16:05:13 is after 2017-05-21 15:56:07, skip https://stream.jeremycherfas.net/content/all?_t=rss [] []
[2017-05-21 15:56:07] grav.DEBUG: TwigFeeds: Updating manifest [] []
[2017-05-21 15:56:07] grav.DEBUG: TwigFeeds: Updated /Applications/MAMP/htdocs/grav-admin/cache/twigfeeds/manifest.json [] []
[2017-05-21 15:58:40] grav.DEBUG: TwigFeeds: Versions equal, continuing [] []
[2017-05-21 15:58:40] grav.DEBUG: TwigFeeds: Config and manifest equal, continuing [] []
[2017-05-21 15:58:40] grav.DEBUG: TwigFeeds: 2017-05-21 16:05:13 is after 2017-05-21 15:58:40, skip https://stream.jeremycherfas.net/content/all?_t=rss [] []
[2017-05-21 15:58:40] grav.DEBUG: TwigFeeds: Updating manifest [] []
[2017-05-21 15:58:40] grav.DEBUG: TwigFeeds: Updated /Applications/MAMP/htdocs/grav-admin/cache/twigfeeds/manifest.json [] []
[2017-05-21 15:59:57] grav.DEBUG: TwigFeeds: Versions equal, continuing [] []
[2017-05-21 15:59:57] grav.DEBUG: TwigFeeds: Config and manifest equal, continuing [] []
[2017-05-21 15:59:57] grav.DEBUG: TwigFeeds: 2017-05-21 16:05:13 is after 2017-05-21 15:59:57, skip https://stream.jeremycherfas.net/content/all?_t=rss [] []
[2017-05-21 15:59:57] grav.DEBUG: TwigFeeds: Updating manifest [] []
[2017-05-21 15:59:57] grav.DEBUG: TwigFeeds: Updated /Applications/MAMP/htdocs/grav-admin/cache/twigfeeds/manifest.json [] []
[2017-05-21 16:01:30] grav.DEBUG: TwigFeeds: Versions equal, continuing [] []
[2017-05-21 16:01:30] grav.DEBUG: TwigFeeds: Config and manifest equal, continuing [] []
[2017-05-21 16:01:30] grav.DEBUG: TwigFeeds: 2017-05-21 16:05:13 is after 2017-05-21 16:01:30, skip https://stream.jeremycherfas.net/content/all?_t=rss [] []
[2017-05-21 16:01:30] grav.DEBUG: TwigFeeds: Updating manifest [] []
[2017-05-21 16:01:30] grav.DEBUG: TwigFeeds: Updated /Applications/MAMP/htdocs/grav-admin/cache/twigfeeds/manifest.json [] []
[2017-05-21 16:05:29] grav.DEBUG: TwigFeeds: Versions equal, continuing [] []
[2017-05-21 16:05:29] grav.DEBUG: TwigFeeds: Config and manifest equal, continuing [] []
[2017-05-21 16:05:29] grav.DEBUG: TwigFeeds: 2017-05-21 16:05:13 is before 2017-05-21 16:05:29, download https://stream.jeremycherfas.net/content/all?_t=rss [] []
[2017-05-21 16:05:31] grav.DEBUG: TwigFeeds: Wrote /Applications/MAMP/htdocs/grav-admin/cache/twigfeeds/34d735f13a45e96ad37ed1bdfd08be1b.json [] []
[2017-05-21 16:05:31] grav.DEBUG: TwigFeeds: Updating manifest [] []
[2017-05-21 16:05:31] grav.DEBUG: TwigFeeds: Updated /Applications/MAMP/htdocs/grav-admin/cache/twigfeeds/manifest.json [] []
[2017-05-21 16:07:17] grav.DEBUG: TwigFeeds: Versions equal, continuing [] []
[2017-05-21 16:07:17] grav.DEBUG: TwigFeeds: Config and manifest equal, continuing [] []
[2017-05-21 16:07:17] grav.DEBUG: TwigFeeds: 2017-05-21 16:20:29 is after 2017-05-21 16:07:17, skip https://stream.jeremycherfas.net/content/all?_t=rss [] []
[2017-05-21 16:07:17] grav.DEBUG: TwigFeeds: Updating manifest [] []
[2017-05-21 16:07:17] grav.DEBUG: TwigFeeds: Updated /Applications/MAMP/htdocs/grav-admin/cache/twigfeeds/manifest.json [] []
[2017-05-21 16:11:01] grav.DEBUG: TwigFeeds: Versions equal, continuing [] []
[2017-05-21 16:11:01] grav.DEBUG: TwigFeeds: Config and manifest equal, continuing [] []
[2017-05-21 16:11:01] grav.DEBUG: TwigFeeds: 2017-05-21 16:20:29 is after 2017-05-21 16:11:01, skip https://stream.jeremycherfas.net/content/all?_t=rss [] []
[2017-05-21 16:11:01] grav.DEBUG: TwigFeeds: Updating manifest [] []
[2017-05-21 16:11:01] grav.DEBUG: TwigFeeds: Updated /Applications/MAMP/htdocs/grav-admin/cache/twigfeeds/manifest.json [] []
[2017-05-21 16:11:27] grav.DEBUG: TwigFeeds: Versions equal, continuing [] []
[2017-05-21 16:11:27] grav.DEBUG: TwigFeeds: Config and manifest equal, continuing [] []
[2017-05-21 16:11:27] grav.DEBUG: TwigFeeds: 2017-05-21 16:20:29 is after 2017-05-21 16:11:27, skip https://stream.jeremycherfas.net/content/all?_t=rss [] []
[2017-05-21 16:11:27] grav.DEBUG: TwigFeeds: Updating manifest [] []
[2017-05-21 16:11:27] grav.DEBUG: TwigFeeds: Updated /Applications/MAMP/htdocs/grav-admin/cache/twigfeeds/manifest.json [] []
[2017-05-21 16:12:57] grav.DEBUG: TwigFeeds: Versions equal, continuing [] []
[2017-05-21 16:12:57] grav.DEBUG: TwigFeeds: Config and manifest equal, continuing [] []
[2017-05-21 16:12:57] grav.DEBUG: TwigFeeds: 2017-05-21 16:20:29 is after 2017-05-21 16:12:57, skip https://stream.jeremycherfas.net/content/all?_t=rss [] []
[2017-05-21 16:12:57] grav.DEBUG: TwigFeeds: Updating manifest [] []
[2017-05-21 16:12:57] grav.DEBUG: TwigFeeds: Updated /Applications/MAMP/htdocs/grav-admin/cache/twigfeeds/manifest.json [] []
[2017-05-21 16:13:30] grav.DEBUG: TwigFeeds: Versions equal, continuing [] []
[2017-05-21 16:13:30] grav.DEBUG: TwigFeeds: Config and manifest equal, continuing [] []
[2017-05-21 16:13:30] grav.DEBUG: TwigFeeds: 2017-05-21 16:20:29 is after 2017-05-21 16:13:30, skip https://stream.jeremycherfas.net/content/all?_t=rss [] []
[2017-05-21 16:13:30] grav.DEBUG: TwigFeeds: Updating manifest [] []
[2017-05-21 16:13:30] grav.DEBUG: TwigFeeds: Updated /Applications/MAMP/htdocs/grav-admin/cache/twigfeeds/manifest.json [] []
[2017-05-21 16:24:53] grav.DEBUG: TwigFeeds: Versions equal, continuing [] []
[2017-05-21 16:24:53] grav.DEBUG: TwigFeeds: Config and manifest equal, continuing [] []
[2017-05-21 16:24:53] grav.DEBUG: TwigFeeds: 2017-05-21 16:20:29 is before 2017-05-21 16:24:53, download https://stream.jeremycherfas.net/content/all?_t=rss [] []
[2017-05-21 16:24:56] grav.DEBUG: TwigFeeds: Wrote /Applications/MAMP/htdocs/grav-admin/cache/twigfeeds/34d735f13a45e96ad37ed1bdfd08be1b.json [] []
[2017-05-21 16:24:56] grav.DEBUG: TwigFeeds: Updating manifest [] []
[2017-05-21 16:24:56] grav.DEBUG: TwigFeeds: Updated /Applications/MAMP/htdocs/grav-admin/cache/twigfeeds/manifest.json [] []
[2017-05-21 16:26:00] grav.DEBUG: TwigFeeds: Versions equal, continuing [] []
[2017-05-21 16:26:00] grav.DEBUG: TwigFeeds: Config and manifest equal, continuing [] []
[2017-05-21 16:26:00] grav.DEBUG: TwigFeeds: 2017-05-21 16:39:53 is after 2017-05-21 16:26:00, skip https://stream.jeremycherfas.net/content/all?_t=rss [] []
[2017-05-21 16:26:00] grav.DEBUG: TwigFeeds: Updating manifest [] []
[2017-05-21 16:26:00] grav.DEBUG: TwigFeeds: Updated /Applications/MAMP/htdocs/grav-admin/cache/twigfeeds/manifest.json [] []
[2017-05-21 16:34:49] grav.DEBUG: TwigFeeds: Versions equal, continuing [] []
[2017-05-21 16:34:49] grav.DEBUG: TwigFeeds: Config and manifest equal, continuing [] []
[2017-05-21 16:34:49] grav.DEBUG: TwigFeeds: 2017-05-21 16:39:53 is after 2017-05-21 16:34:49, skip https://stream.jeremycherfas.net/content/all?_t=rss [] []
[2017-05-21 16:34:49] grav.DEBUG: TwigFeeds: Updating manifest [] []
[2017-05-21 16:34:49] grav.DEBUG: TwigFeeds: Updated /Applications/MAMP/htdocs/grav-admin/cache/twigfeeds/manifest.json [] []
[2017-05-21 18:50:01] grav.CRITICAL: DateTime::__construct(): Failed to parse time string (21 05 2017  18:29) at position 0 (2): Unexpected character - Trace: #0 /Applications/MAMP/htdocs/grav-admin/system/src/Grav/Common/Utils.php(581): DateTime->__construct('21 05 2017  18:...') #1 /Applications/MAMP/htdocs/grav-admin/system/src/Grav/Common/Page/Page.php(1921): Grav\Common\Utils::date2timestamp('21 05 2017  18:...', NULL) #2 /Applications/MAMP/htdocs/grav-admin/system/src/Grav/Common/Page/Page.php(386): Grav\Common\Page\Page->date('21 05 2017  18:...') #3 /Applications/MAMP/htdocs/grav-admin/system/src/Grav/Common/Page/Page.php(132): Grav\Common\Page\Page->header() #4 /Applications/MAMP/htdocs/grav-admin/system/src/Grav/Common/Page/Pages.php(962): Grav\Common\Page\Page->init(Object(SplFileInfo), '.md') #5 /Applications/MAMP/htdocs/grav-admin/system/src/Grav/Common/Page/Pages.php(1004): Grav\Common\Page\Pages->recurse('/Applications/M...', Object(Grav\Common\Page\Page)) #6 /Applications/MAMP/htdocs/grav-admin/system/src/Grav/Common/Page/Pages.php(1004): Grav\Common\Page\Pages->recurse('/Applications/M...', Object(Grav\Common\Page\Page)) #7 /Applications/MAMP/htdocs/grav-admin/system/src/Grav/Common/Page/Pages.php(861): Grav\Common\Page\Pages->recurse('/Applications/M...') #8 /Applications/MAMP/htdocs/grav-admin/system/src/Grav/Common/Page/Pages.php(137): Grav\Common\Page\Pages->buildPages() #9 /Applications/MAMP/htdocs/grav-admin/system/src/Grav/Common/Processors/PagesProcessor.php(23): Grav\Common\Page\Pages->init() #10 /Applications/MAMP/htdocs/grav-admin/system/src/Grav/Common/Grav.php(126): Grav\Common\Processors\PagesProcessor->process() #11 /Applications/MAMP/htdocs/grav-admin/system/src/Grav/Common/Grav.php(368): Grav\Common\Grav->Grav\Common\{closure}() #12 [internal function]: Grav\Common\Grav::Grav\Common\{closure}('pages', 'Pages', Object(Closure)) #13 /Applications/MAMP/htdocs/grav-admin/system/src/Grav/Common/Grav.php(344): call_user_func_array(Object(Closure), Array) #14 /Applications/MAMP/htdocs/grav-admin/system/src/Grav/Common/Grav.php(127): Grav\Common\Grav->__call('measureTime', Array) #15 /Applications/MAMP/htdocs/grav-admin/index.php(52): Grav\Common\Grav->process() #16 {main} [] []
[2017-05-21 18:50:46] grav.DEBUG: TwigFeeds: Versions equal, continuing [] []
[2017-05-21 18:50:46] grav.DEBUG: TwigFeeds: Config and manifest equal, continuing [] []
[2017-05-21 18:50:46] grav.DEBUG: TwigFeeds: 2017-05-21 16:39:53 is before 2017-05-21 18:50:46, download https://stream.jeremycherfas.net/content/all?_t=rss [] []
[2017-05-21 18:50:48] grav.DEBUG: TwigFeeds: Wrote /Applications/MAMP/htdocs/grav-admin/cache/twigfeeds/34d735f13a45e96ad37ed1bdfd08be1b.json [] []
[2017-05-21 18:50:48] grav.DEBUG: TwigFeeds: Updating manifest [] []
[2017-05-21 18:50:48] grav.DEBUG: TwigFeeds: Updated /Applications/MAMP/htdocs/grav-admin/cache/twigfeeds/manifest.json [] []
[2017-05-21 18:51:09] grav.DEBUG: TwigFeeds: Versions equal, continuing [] []
[2017-05-21 18:51:09] grav.DEBUG: TwigFeeds: Config and manifest equal, continuing [] []
[2017-05-21 18:51:09] grav.DEBUG: TwigFeeds: 2017-05-21 19:05:46 is after 2017-05-21 18:51:09, skip https://stream.jeremycherfas.net/content/all?_t=rss [] []
[2017-05-21 18:51:09] grav.DEBUG: TwigFeeds: Updating manifest [] []
[2017-05-21 18:51:09] grav.DEBUG: TwigFeeds: Updated /Applications/MAMP/htdocs/grav-admin/cache/twigfeeds/manifest.json [] []
[2017-05-22 08:07:20] grav.DEBUG: TwigFeeds: Versions equal, continuing [] []
[2017-05-22 08:07:20] grav.DEBUG: TwigFeeds: Config and manifest equal, continuing [] []
[2017-05-22 08:07:20] grav.DEBUG: TwigFeeds: 2017-05-21 19:05:46 is before 2017-05-22 08:07:20, download https://stream.jeremycherfas.net/content/all?_t=rss [] []
[2017-05-22 08:07:22] grav.DEBUG: TwigFeeds: Wrote /Applications/MAMP/htdocs/grav-admin/cache/twigfeeds/34d735f13a45e96ad37ed1bdfd08be1b.json [] []
[2017-05-22 08:07:22] grav.DEBUG: TwigFeeds: Updating manifest [] []
[2017-05-22 08:07:22] grav.DEBUG: TwigFeeds: Updated /Applications/MAMP/htdocs/grav-admin/cache/twigfeeds/manifest.json [] []
[2017-05-22 08:08:23] grav.DEBUG: TwigFeeds: Manifest does not exist, writing it [] []
[2017-05-22 08:08:23] grav.DEBUG: TwigFeeds: Built /Applications/MAMP/htdocs/grav-admin/user/data/twigfeeds/manifest.json [] []
[2017-05-22 08:08:23] grav.DEBUG: TwigFeeds: Can't find 34d735f13a45e96ad37ed1bdfd08be1b.json, writing it [] []
[2017-05-22 08:08:24] grav.DEBUG: TwigFeeds: Wrote /Applications/MAMP/htdocs/grav-admin/user/data/twigfeeds/34d735f13a45e96ad37ed1bdfd08be1b.json [] []
[2017-05-22 08:08:24] grav.DEBUG: TwigFeeds: Updating manifest [] []
[2017-05-22 08:08:24] grav.DEBUG: TwigFeeds: Updated /Applications/MAMP/htdocs/grav-admin/user/data/twigfeeds/manifest.json [] []
[2017-05-22 08:09:48] grav.DEBUG: TwigFeeds: Versions equal, continuing [] []
[2017-05-22 08:09:48] grav.DEBUG: TwigFeeds: Config and manifest equal, continuing [] []
[2017-05-22 08:09:48] grav.DEBUG: TwigFeeds: 2017-05-22 08:23:23 is after 2017-05-22 08:09:48, skip https://stream.jeremycherfas.net/content/all?_t=rss [] []
[2017-05-22 08:09:48] grav.DEBUG: TwigFeeds: Updating manifest [] []
[2017-05-22 08:09:48] grav.DEBUG: TwigFeeds: Updated /Applications/MAMP/htdocs/grav-admin/user/data/twigfeeds/manifest.json [] []
[2017-05-22 08:09:49] grav.DEBUG: TwigFeeds: Versions equal, continuing [] []
[2017-05-22 08:09:49] grav.DEBUG: TwigFeeds: Config and manifest equal, continuing [] []
[2017-05-22 08:09:49] grav.DEBUG: TwigFeeds: 2017-05-22 08:23:23 is after 2017-05-22 08:09:49, skip https://stream.jeremycherfas.net/content/all?_t=rss [] []
[2017-05-22 08:09:49] grav.DEBUG: TwigFeeds: Updating manifest [] []
[2017-05-22 08:09:49] grav.DEBUG: TwigFeeds: Updated /Applications/MAMP/htdocs/grav-admin/user/data/twigfeeds/manifest.json [] []
[2017-05-22 08:09:49] grav.DEBUG: TwigFeeds: Versions equal, continuing [] []
[2017-05-22 08:09:49] grav.DEBUG: TwigFeeds: Config and manifest equal, continuing [] []
[2017-05-22 08:09:49] grav.DEBUG: TwigFeeds: 2017-05-22 08:23:23 is after 2017-05-22 08:09:49, skip https://stream.jeremycherfas.net/content/all?_t=rss [] []
[2017-05-22 08:09:49] grav.DEBUG: TwigFeeds: Updating manifest [] []
[2017-05-22 08:09:49] grav.DEBUG: TwigFeeds: Updated /Applications/MAMP/htdocs/grav-admin/user/data/twigfeeds/manifest.json [] []
[2017-05-22 08:15:33] grav.DEBUG: TwigFeeds: Versions equal, continuing [] []
[2017-05-22 08:15:33] grav.DEBUG: TwigFeeds: Config and manifest equal, continuing [] []
[2017-05-22 08:15:33] grav.DEBUG: TwigFeeds: 2017-05-22 08:23:23 is after 2017-05-22 08:15:33, skip https://stream.jeremycherfas.net/content/all?_t=rss [] []
[2017-05-22 08:15:33] grav.DEBUG: TwigFeeds: Updating manifest [] []
[2017-05-22 08:15:33] grav.DEBUG: TwigFeeds: Updated /Applications/MAMP/htdocs/grav-admin/user/data/twigfeeds/manifest.json [] []
[2017-05-22 08:17:36] grav.DEBUG: TwigFeeds: Versions equal, continuing [] []
[2017-05-22 08:17:36] grav.DEBUG: TwigFeeds: Config and manifest equal, continuing [] []
[2017-05-22 08:17:36] grav.DEBUG: TwigFeeds: 2017-05-22 08:23:23 is after 2017-05-22 08:17:36, skip https://stream.jeremycherfas.net/content/all?_t=rss [] []
[2017-05-22 08:17:36] grav.DEBUG: TwigFeeds: Updating manifest [] []
[2017-05-22 08:17:36] grav.DEBUG: TwigFeeds: Updated /Applications/MAMP/htdocs/grav-admin/user/data/twigfeeds/manifest.json [] []
[2017-05-22 08:17:37] grav.DEBUG: TwigFeeds: Versions equal, continuing [] []
[2017-05-22 08:17:37] grav.DEBUG: TwigFeeds: Config and manifest equal, continuing [] []
[2017-05-22 08:17:37] grav.DEBUG: TwigFeeds: 2017-05-22 08:23:23 is after 2017-05-22 08:17:37, skip https://stream.jeremycherfas.net/content/all?_t=rss [] []
[2017-05-22 08:17:37] grav.DEBUG: TwigFeeds: Updating manifest [] []
[2017-05-22 08:17:37] grav.DEBUG: TwigFeeds: Updated /Applications/MAMP/htdocs/grav-admin/user/data/twigfeeds/manifest.json [] []
[2017-05-22 08:17:38] grav.DEBUG: TwigFeeds: Versions equal, continuing [] []
[2017-05-22 08:17:38] grav.DEBUG: TwigFeeds: Config and manifest equal, continuing [] []
[2017-05-22 08:17:38] grav.DEBUG: TwigFeeds: 2017-05-22 08:23:23 is after 2017-05-22 08:17:38, skip https://stream.jeremycherfas.net/content/all?_t=rss [] []
[2017-05-22 08:17:38] grav.DEBUG: TwigFeeds: Updating manifest [] []
[2017-05-22 08:17:38] grav.DEBUG: TwigFeeds: Updated /Applications/MAMP/htdocs/grav-admin/user/data/twigfeeds/manifest.json [] []
[2017-05-22 08:25:42] grav.DEBUG: TwigFeeds: Versions equal, continuing [] []
[2017-05-22 08:25:43] grav.DEBUG: TwigFeeds: Config and manifest equal, continuing [] []
[2017-05-22 08:25:43] grav.DEBUG: TwigFeeds: 2017-05-22 08:23:23 is before 2017-05-22 08:25:42, download https://stream.jeremycherfas.net/content/all?_t=rss [] []
[2017-05-22 08:25:44] grav.DEBUG: TwigFeeds: Wrote /Applications/MAMP/htdocs/grav-admin/user/data/twigfeeds/34d735f13a45e96ad37ed1bdfd08be1b.json [] []
[2017-05-22 08:25:44] grav.DEBUG: TwigFeeds: Updating manifest [] []
[2017-05-22 08:25:44] grav.DEBUG: TwigFeeds: Updated /Applications/MAMP/htdocs/grav-admin/user/data/twigfeeds/manifest.json [] []
[2017-05-22 08:25:51] grav.DEBUG: TwigFeeds: Versions equal, continuing [] []
[2017-05-22 08:25:51] grav.DEBUG: TwigFeeds: Config and manifest equal, continuing [] []
[2017-05-22 08:25:51] grav.DEBUG: TwigFeeds: 2017-05-22 08:40:42 is after 2017-05-22 08:25:51, skip https://stream.jeremycherfas.net/content/all?_t=rss [] []
[2017-05-22 08:25:51] grav.DEBUG: TwigFeeds: Updating manifest [] []
[2017-05-22 08:25:51] grav.DEBUG: TwigFeeds: Updated /Applications/MAMP/htdocs/grav-admin/user/data/twigfeeds/manifest.json [] []
